[2025-12-02T06:58:42.788Z] user=56969066865@s.s. pack="" author="" robCount=1 totalRobs=1 respect=5
[2025-12-03T00:18:43.467Z] user=56969066865@s.whatsapp.net pack="" author="" robCount=1 totalRobs=1 respect=5
[2025-12-03T00:18:44.729Z] user=5363684780@s.whatsapp.net pack="" author="" robCount=1 totalRobs=1 respect=5
[2025-12-03T00:19:37.047Z] user=5363684780@s.whatsapp.net pack="" author="" robCount=2 totalRobs=2 respect=10
[2025-12-03T00:19:46.772Z] user=56951513764@s.whatsapp.net pack="" author="" robCount=1 totalRobs=1 respect=5
[2025-12-03T00:20:02.121Z] user=5363684780@s.whatsapp.net pack="" author="" robCount=3 totalRobs=3 respect=15
[2025-12-03T00:20:39.500Z] user=5363684780@s.whatsapp.net pack="" author="" robCount=4 totalRobs=4 respect=10
[2025-12-03T00:21:08.657Z] user=56951513764@s.whatsapp.net pack="" author="" robCount=2 totalRobs=2 respect=10
[2025-12-03T00:21:23.748Z] user=56951513764@s.whatsapp.net pack="" author="" robCount=3 totalRobs=3 respect=15
[2025-12-03T00:31:04.408Z] user=56969066865@s.whatsapp.net pack="" author="" robCount=2 totalRobs=2 respect=10
[2025-12-03T00:31:38.246Z] user=56969066865@s.whatsapp.net pack="potito de liam" author="" robCount=3 totalRobs=3 respect=15
[2025-12-03T12:12:15.937Z] user=56969066865@s.whatsapp.net pack="( F" author="" robCount=1 totalRobs=4 respect=20
[2025-12-03T14:55:44.498Z] user=56969066865@s.whatsapp.net pack="" author="" robCount=2 totalRobs=5 respect=25
[2025-12-03T19:21:32.106Z] user=56951513764@s.whatsapp.net pack="" author="" robCount=1 totalRobs=4 respect=20
[2025-12-03T20:12:46.204Z] user=56969066865@s.whatsapp.net pack="wakala" author="" robCount=3 totalRobs=6 respect=30
[2025-12-03T20:23:53.253Z] user=56969066865@s.whatsapp.net pack="c" author="" robCount=1 totalRobs=7 respect=35
[2025-12-03T20:26:40.921Z] user=56969066865@s.whatsapp.net pack="La comelona 3mil" author="" robCount=2 totalRobs=8 respect=40
[2025-12-03T20:31:57.689Z] user=5363684780@s.whatsapp.net pack="" author="" robCount=1 totalRobs=5 respect=15
[2025-12-03T20:34:44.347Z] user=5363684780@s.whatsapp.net pack="" author="" robCount=2 totalRobs=6 respect=20
[2025-12-03T20:41:03.328Z] user=5363684780@s.whatsapp.net pack="" author="" robCount=3 totalRobs=7 respect=25
[2025-12-03T20:57:04.493Z] user=5363684780@s.whatsapp.net pack="" author="" robCount=1 totalRobs=8 respect=30
[2025-12-03T20:57:31.439Z] user=50671409841@s.whatsapp.net pack="" author="" robCount=1 totalRobs=1 respect=5
[2025-12-03T20:58:23.961Z] user=5363684780@s.whatsapp.net pack="" author="" robCount=2 totalRobs=9 respect=35
[2025-12-03T20:59:02.777Z] user=5363684780@s.whatsapp.net pack="" author="" robCount=3 totalRobs=10 respect=40
[2025-12-03T21:28:44.810Z] user=56969066865@s.whatsapp.net pack="" author="" robCount=3 totalRobs=9 respect=45
