[2025-12-02T06:03:05.174Z] SHADOW 56968568998@s.s. by 56969066865@s.s. duration=perm
[2025-12-02T06:03:22.843Z] UNSHADOW 56968568998@s.s. by 56969066865@s.s.
[2025-12-02T06:03:42.826Z] SHADOW 56968568998@s.s. by 56969066865@s.s. duration=1m
[2025-12-02T06:04:40.728Z] AUTO-UNSHADOW 56968568998@s.s.
[2025-12-02T16:09:38.218Z] SHADOW 56968568998@s.whatsapp.net by 56969066865@s.whatsapp.net duration=perm
[2025-12-02T16:10:02.692Z] UNSHADOW 56968568998@s.whatsapp.net by 56969066865@s.whatsapp.net
[2025-12-02T18:16:56.734Z] SHADOW 56968568998@s.whatsapp.net by 56969066865@s.whatsapp.net duration=perm
[2025-12-02T18:17:15.602Z] UNSHADOW 56968568998@s.whatsapp.net by 56969066865@s.whatsapp.net
[2025-12-02T18:17:24.344Z] SHADOW 56968568998@s.whatsapp.net by 56969066865@s.whatsapp.net duration=1m
[2025-12-02T18:18:22.820Z] AUTO-UNSHADOW 56968568998@s.whatsapp.net
[2025-12-02T19:10:23.842Z] SHADOW 56968568998@s.whatsapp.net by 56969066865@s.whatsapp.net duration=1m
[2025-12-02T22:04:32.820Z] SHADOW 56968568998@s.whatsapp.net by 56969066865@s.whatsapp.net duration=1m
[2025-12-02T22:04:45.279Z] UNSHADOW 56968568998@s.whatsapp.net by 56969066865@s.whatsapp.net
[2025-12-02T22:13:51.139Z] IMMUTABLE-SHADOW 56968568998@s.whatsapp.net (attempted shadowban creator)
[2025-12-02T22:38:41.047Z] SHADOW 77121070354496@s.whatsapp.net by 56951513764@s.whatsapp.net duration=5m
[2025-12-02T22:39:40.275Z] SHADOW 5363684780@s.whatsapp.net by 56951513764@s.whatsapp.net duration=perm
[2025-12-02T22:39:47.540Z] SHADOW 584267538463@s.whatsapp.net by 56969066865@s.whatsapp.net duration=perm
[2025-12-02T22:41:15.891Z] SHADOW 56981836229@s.whatsapp.net by 56969066865@s.whatsapp.net duration=perm
[2025-12-02T22:41:33.098Z] UNSHADOW 5363684780@s.whatsapp.net by 56951513764@s.whatsapp.net
[2025-12-02T22:41:48.431Z] UNSHADOW 56981836229@s.whatsapp.net by 56951513764@s.whatsapp.net
[2025-12-02T22:43:40.226Z] AUTO-UNSHADOW 77121070354496@s.whatsapp.net
[2025-12-02T22:44:41.590Z] TEMP-SHADOW 56951513764@s.whatsapp.net (attempted shadowban creator/mod)
[2025-12-02T23:06:01.001Z] SHADOW 5363684780@s.whatsapp.net by 56951513764@s.whatsapp.net duration=perm
[2025-12-02T23:08:41.717Z] UNSHADOW 5363684780@s.whatsapp.net by 56951513764@s.whatsapp.net
[2025-12-02T23:10:17.839Z] SHADOW 593982667525@s.whatsapp.net by 56951513764@s.whatsapp.net duration=perm
[2025-12-02T23:37:21.641Z] SHADOW 56968568998@s.whatsapp.net by 56969066865@s.whatsapp.net duration=perm
[2025-12-02T23:37:31.427Z] UNSHADOW 56968568998@s.whatsapp.net by 56969066865@s.whatsapp.net
[2025-12-02T23:44:29.211Z] SHADOW 584267538463@s.whatsapp.net by 56969066865@s.whatsapp.net duration=perm
[2025-12-02T23:47:31.621Z] UNSHADOW 584267538463@s.whatsapp.net by 56969066865@s.whatsapp.net
[2025-12-02T23:51:44.619Z] SHADOW 5363684780@s.whatsapp.net by 56951513764@s.whatsapp.net duration=perm
[2025-12-02T23:52:23.007Z] UNSHADOW 5363684780@s.whatsapp.net by 56951513764@s.whatsapp.net
[2025-12-03T00:09:00.150Z] SHADOW 5363684780@s.whatsapp.net by 56951513764@s.whatsapp.net duration=perm
[2025-12-03T00:12:16.608Z] UNSHADOW 5363684780@s.whatsapp.net by 56951513764@s.whatsapp.net
[2025-12-03T00:12:38.022Z] SHADOW 56968568998@s.whatsapp.net by 56951513764@s.whatsapp.net duration=perm
[2025-12-03T00:13:40.010Z] SHADOW 77121070354496@s.whatsapp.net by 56951513764@s.whatsapp.net duration=15m
[2025-12-03T00:14:27.914Z] SHADOW 81265747345529@s.whatsapp.net by 56969066865@s.whatsapp.net duration=7m
[2025-12-03T00:14:58.434Z] UNSHADOW 56968568998@s.whatsapp.net by 56969066865@s.whatsapp.net
[2025-12-03T00:14:59.642Z] SHADOW 241467809382654@s.whatsapp.net by 56951513764@s.whatsapp.net duration=20m
[2025-12-03T00:16:44.726Z] SHADOW 18294967649@s.whatsapp.net by 56951513764@s.whatsapp.net duration=perm
[2025-12-03T00:17:26.579Z] UNSHADOW 18294967649@s.whatsapp.net by 56951513764@s.whatsapp.net
[2025-12-03T00:17:38.683Z] SHADOW 18294967649@s.whatsapp.net by 56951513764@s.whatsapp.net duration=perm
[2025-12-03T00:17:58.495Z] UNSHADOW 18294967649@s.whatsapp.net by 56951513764@s.whatsapp.net
[2025-12-03T00:18:03.282Z] SHADOW 18294967649@s.whatsapp.net by 56969066865@s.whatsapp.net duration=perm
[2025-12-03T00:18:18.527Z] UNSHADOW 18294967649@s.whatsapp.net by 56969066865@s.whatsapp.net
[2025-12-03T00:18:44.111Z] SHADOW 18294967649@s.whatsapp.net by 56951513764@s.whatsapp.net duration=perm
[2025-12-03T00:19:01.230Z] UNSHADOW 18294967649@s.whatsapp.net by 56951513764@s.whatsapp.net
[2025-12-03T00:21:13.758Z] AUTO-UNSHADOW 81265747345529@s.whatsapp.net
[2025-12-03T00:23:53.675Z] SHADOW 5363684780@s.whatsapp.net by 56969066865@s.whatsapp.net duration=perm
[2025-12-03T00:24:23.233Z] UNSHADOW 5363684780@s.whatsapp.net by 56969066865@s.whatsapp.net
[2025-12-03T00:28:28.636Z] AUTO-UNSHADOW 77121070354496@s.whatsapp.net
[2025-12-03T00:34:35.118Z] AUTO-UNSHADOW 241467809382654@s.whatsapp.net
[2025-12-03T00:37:47.269Z] SHADOW 5363684780@s.whatsapp.net by 56969066865@s.whatsapp.net duration=perm
[2025-12-03T00:38:10.675Z] UNSHADOW 5363684780@s.whatsapp.net by 56969066865@s.whatsapp.net
[2025-12-03T00:42:40.343Z] SHADOW 5363684780@s.whatsapp.net by 56969066865@s.whatsapp.net duration=perm
[2025-12-03T00:43:06.355Z] UNSHADOW 5363684780@s.whatsapp.net by 56969066865@s.whatsapp.net
[2025-12-03T00:43:16.686Z] SHADOW 56968568998@s.whatsapp.net by 56969066865@s.whatsapp.net duration=perm
[2025-12-03T00:43:28.009Z] UNSHADOW 56968568998@s.whatsapp.net by 56969066865@s.whatsapp.net
[2025-12-03T00:47:01.737Z] SHADOW 200446794809377@s.whatsapp.net by 56969066865@s.whatsapp.net duration=perm
[2025-12-03T00:47:17.936Z] SHADOW 56968568998@s.whatsapp.net by 56969066865@s.whatsapp.net duration=1m
[2025-12-03T00:48:15.394Z] AUTO-UNSHADOW 56968568998@s.whatsapp.net
[2025-12-03T00:49:17.893Z] SHADOW 56968568998@s.whatsapp.net by 56969066865@s.whatsapp.net duration=perm
[2025-12-03T00:52:22.169Z] UNSHADOW 56968568998@s.whatsapp.net by 56969066865@s.whatsapp.net
[2025-12-03T00:52:32.821Z] SHADOW 56968568998@s.whatsapp.net by 56969066865@s.whatsapp.net duration=1m
[2025-12-03T00:52:43.085Z] UNSHADOW 56968568998@s.whatsapp.net by 56969066865@s.whatsapp.net
[2025-12-03T00:53:35.972Z] SHADOW 200966284550392@s.whatsapp.net by 56969066865@s.whatsapp.net duration=1m
[2025-12-03T00:53:51.352Z] SHADOW 5363684780@s.whatsapp.net by 56969066865@s.whatsapp.net duration=1m
[2025-12-03T00:54:21.517Z] UNSHADOW 200966284550392@s.whatsapp.net by 56969066865@s.whatsapp.net
[2025-12-03T00:54:48.656Z] AUTO-UNSHADOW 5363684780@s.whatsapp.net
[2025-12-03T00:57:55.161Z] SHADOW 56968568998@s.whatsapp.net by 56969066865@s.whatsapp.net duration=perm
[2025-12-03T00:58:18.712Z] UNSHADOW 56968568998@s.whatsapp.net by 56969066865@s.whatsapp.net
[2025-12-03T00:58:30.163Z] SHADOW 56968568998@s.whatsapp.net by 56969066865@s.whatsapp.net duration=1m
[2025-12-03T00:59:03.461Z] UNSHADOW 56968568998@s.whatsapp.net by 56969066865@s.whatsapp.net
[2025-12-03T00:59:51.974Z] SHADOW 5363684780@s.whatsapp.net by 56969066865@s.whatsapp.net duration=1m
[2025-12-03T01:00:49.265Z] AUTO-UNSHADOW 5363684780@s.whatsapp.net
[2025-12-03T01:11:09.259Z] SHADOW 56968568998@s.whatsapp.net by 56969066865@s.whatsapp.net duration=1m
[2025-12-03T01:11:28.545Z] UNSHADOW 56968568998@s.whatsapp.net by 56969066865@s.whatsapp.net
[2025-12-03T01:27:04.738Z] SHADOW 5363684780@s.whatsapp.net by 56969066865@s.whatsapp.net duration=1m
[2025-12-03T01:27:19.497Z] UNSHADOW 5363684780@s.whatsapp.net by 56969066865@s.whatsapp.net
[2025-12-03T01:28:59.409Z] SHADOW 18294967649@s.whatsapp.net by 56969066865@s.whatsapp.net duration=10m
[2025-12-03T01:38:27.793Z] AUTO-UNSHADOW 18294967649@s.whatsapp.net
[2025-12-03T01:44:10.053Z] SHADOW 56968568998@s.whatsapp.net by 56969066865@s.whatsapp.net duration=1m
[2025-12-03T01:44:35.550Z] UNSHADOW 56968568998@s.whatsapp.net by 56969066865@s.whatsapp.net
[2025-12-03T03:00:19.353Z] SHADOW 56968568998@s.whatsapp.net by 56969066865@s.whatsapp.net duration=1m
[2025-12-03T03:00:41.429Z] UNSHADOW 56968568998@s.whatsapp.net by 56969066865@s.whatsapp.net
[2025-12-03T03:16:23.596Z] UNSHADOW 200446794809377@s.whatsapp.net by 56969066865@s.whatsapp.net
[2025-12-03T03:31:29.471Z] SHADOW 6283131382997@s.whatsapp.net by 56969066865@s.whatsapp.net duration=perm
[2025-12-03T03:31:53.156Z] UNSHADOW 6283131382997@s.whatsapp.net by 56969066865@s.whatsapp.net
[2025-12-03T03:32:29.752Z] SHADOW 56968568998@s.whatsapp.net by 56969066865@s.whatsapp.net duration=1m
[2025-12-03T03:32:42.198Z] UNSHADOW 56968568998@s.whatsapp.net by 56969066865@s.whatsapp.net
[2025-12-03T03:33:02.472Z] SHADOW 56968568998@s.whatsapp.net by 56969066865@s.whatsapp.net duration=2m
[2025-12-03T03:34:45.765Z] UNSHADOW 56968568998@s.whatsapp.net by 56969066865@s.whatsapp.net
[2025-12-03T03:34:51.958Z] SHADOW 56968568998@s.whatsapp.net by 56969066865@s.whatsapp.net duration=999999m
[2025-12-03T03:34:51.960Z] AUTO-UNSHADOW 56968568998@s.whatsapp.net
[2025-12-03T03:35:20.732Z] SHADOW 56968568998@s.whatsapp.net by 56969066865@s.whatsapp.net duration=1000m
[2025-12-03T03:35:31.925Z] UNSHADOW 56968568998@s.whatsapp.net by 56969066865@s.whatsapp.net
[2025-12-03T03:39:43.786Z] SHADOW 56968568998@s.whatsapp.net by 56969066865@s.whatsapp.net duration=perm
[2025-12-03T03:39:53.831Z] UNSHADOW 56968568998@s.whatsapp.net by 56969066865@s.whatsapp.net
[2025-12-03T11:33:38.289Z] SHADOW 5363684780@s.whatsapp.net by 56951513764@s.whatsapp.net duration=1m
[2025-12-03T11:34:38.291Z] AUTO-UNSHADOW 5363684780@s.whatsapp.net
[2025-12-03T14:45:51.537Z] SHADOW 593989786495@s.whatsapp.net by 56969066865@s.whatsapp.net duration=5m
[2025-12-03T14:50:38.635Z] AUTO-UNSHADOW 593989786495@s.whatsapp.net
[2025-12-03T18:44:53.651Z] SHADOW 56922260916@s.whatsapp.net by 56968568998@s.whatsapp.net duration=15m
[2025-12-03T18:59:19.188Z] AUTO-UNSHADOW 56922260916@s.whatsapp.net
[2025-12-03T21:02:51.236Z] SHADOW 50671409841@s.whatsapp.net by 56951513764@s.whatsapp.net duration=2m
[2025-12-03T21:04:51.237Z] AUTO-UNSHADOW 50671409841@s.whatsapp.net
[2025-12-03T21:08:26.517Z] SHADOW 50671409841@s.whatsapp.net by 56951513764@s.whatsapp.net duration=15m
[2025-12-03T21:23:26.518Z] AUTO-UNSHADOW 50671409841@s.whatsapp.net
